<?xml version="1.0" encoding="UTF-8"?>
<testng-results ignored="0" total="3" passed="2" failed="1" skipped="0">
  <reporter-output>
  </reporter-output>
  <suite started-at="2022-11-20T16:52:06 IST" name="Suite" finished-at="2022-11-20T16:52:31 IST" duration-ms="25602">
    <groups>
    </groups>
    <test started-at="2022-11-20T16:52:06 IST" name="Test" finished-at="2022-11-20T16:52:31 IST" duration-ms="25602">
      <class name="Tests.ShoppingTest">
        <test-method is-config="true" signature="openBrowser()[pri:0, instance:Tests.ShoppingTest@73a1e9a9]" started-at="2022-11-20T16:52:27 IST" name="openBrowser" finished-at="2022-11-20T16:52:29 IST" duration-ms="2665" status="PASS">
          <reporter-output>
          </reporter-output>
        </test-method> <!-- openBrowser -->
        <test-method signature="shopping()[pri:0, instance:Tests.ShoppingTest@73a1e9a9]" started-at="2022-11-20T16:52:29 IST" name="shopping" finished-at="2022-11-20T16:52:30 IST" duration-ms="841" status="FAIL">
          <exception class="java.lang.AssertionError">
            <message>
              <![CDATA[expected [true] but found [false]]]>
            </message>
            <full-stacktrace>
              <![CDATA[java.lang.AssertionError: expected [true] but found [false]
at org.testng.Assert.fail(Assert.java:110)
at org.testng.Assert.failNotEquals(Assert.java:1413)
at org.testng.Assert.assertTrue(Assert.java:56)
at org.testng.Assert.assertTrue(Assert.java:66)
at Tests.ShoppingTest.shopping(ShoppingTest.java:31)
at java.base/jdk.internal.reflect.DirectMethodHandleAccessor.invoke(DirectMethodHandleAccessor.java:104)
at java.base/java.lang.reflect.Method.invoke(Method.java:577)
at org.testng.internal.invokers.MethodInvocationHelper.invokeMethod(MethodInvocationHelper.java:139)
at org.testng.internal.invokers.TestInvoker.invokeMethod(TestInvoker.java:677)
at org.testng.internal.invokers.TestInvoker.invokeTestMethod(TestInvoker.java:221)
at org.testng.internal.invokers.MethodRunner.runInSequence(MethodRunner.java:50)
at org.testng.internal.invokers.TestInvoker$MethodInvocationAgent.invoke(TestInvoker.java:962)
at org.testng.internal.invokers.TestInvoker.invokeTestMethods(TestInvoker.java:194)
at org.testng.internal.invokers.TestMethodWorker.invokeTestMethods(TestMethodWorker.java:148)
at org.testng.internal.invokers.TestMethodWorker.run(TestMethodWorker.java:128)
at java.base/java.util.ArrayList.forEach(ArrayList.java:1511)
at org.testng.TestRunner.privateRun(TestRunner.java:806)
at org.testng.TestRunner.run(TestRunner.java:601)
at org.testng.SuiteRunner.runTest(SuiteRunner.java:433)
at org.testng.SuiteRunner.runSequentially(SuiteRunner.java:427)
at org.testng.SuiteRunner.privateRun(SuiteRunner.java:387)
at org.testng.SuiteRunner.run(SuiteRunner.java:330)
at org.testng.SuiteRunnerWorker.runSuite(SuiteRunnerWorker.java:52)
at org.testng.SuiteRunnerWorker.run(SuiteRunnerWorker.java:95)
at org.testng.TestNG.runSuitesSequentially(TestNG.java:1256)
at org.testng.TestNG.runSuitesLocally(TestNG.java:1176)
at org.testng.TestNG.runSuites(TestNG.java:1099)
at org.testng.TestNG.run(TestNG.java:1067)
at org.testng.remote.AbstractRemoteTestNG.run(AbstractRemoteTestNG.java:115)
at org.testng.remote.RemoteTestNG.initAndRun(RemoteTestNG.java:251)
at org.testng.remote.RemoteTestNG.main(RemoteTestNG.java:77)
]]>
            </full-stacktrace>
          </exception> <!-- java.lang.AssertionError -->
          <reporter-output>
          </reporter-output>
        </test-method> <!-- shopping -->
        <test-method is-config="true" signature="tearOff()[pri:0, instance:Tests.ShoppingTest@73a1e9a9]" started-at="2022-11-20T16:52:31 IST" name="tearOff" finished-at="2022-11-20T16:52:31 IST" duration-ms="335" status="PASS">
          <reporter-output>
          </reporter-output>
        </test-method> <!-- tearOff -->
      </class> <!-- Tests.ShoppingTest -->
      <class name="Tests.LoginTest">
        <test-method is-config="true" signature="openBrowser()[pri:0, instance:Tests.LoginTest@130d63be]" started-at="2022-11-20T16:52:06 IST" name="openBrowser" finished-at="2022-11-20T16:52:11 IST" duration-ms="5665" status="PASS">
          <reporter-output>
          </reporter-output>
        </test-method> <!-- openBrowser -->
        <test-method signature="login(java.lang.String,java.lang.String,java.lang.String)[pri:0, instance:Tests.LoginTest@130d63be]" started-at="2022-11-20T16:52:11 IST" name="login" data-provider="Data" finished-at="2022-11-20T16:52:13 IST" duration-ms="1434" status="PASS">
          <params>
            <param index="0">
              <value>
                <![CDATA[standard_user]]>
              </value>
            </param>
            <param index="1">
              <value>
                <![CDATA[secret_sauce]]>
              </value>
            </param>
            <param index="2">
              <value>
                <![CDATA[Success]]>
              </value>
            </param>
          </params>
          <reporter-output>
          </reporter-output>
        </test-method> <!-- login -->
        <test-method is-config="true" signature="clouser()[pri:0, instance:Tests.LoginTest@130d63be]" started-at="2022-11-20T16:52:13 IST" name="clouser" finished-at="2022-11-20T16:52:13 IST" duration-ms="334" status="PASS">
          <reporter-output>
          </reporter-output>
        </test-method> <!-- clouser -->
        <test-method is-config="true" signature="openBrowser()[pri:0, instance:Tests.LoginTest@130d63be]" started-at="2022-11-20T16:52:13 IST" name="openBrowser" finished-at="2022-11-20T16:52:16 IST" duration-ms="2345" status="PASS">
          <reporter-output>
          </reporter-output>
        </test-method> <!-- openBrowser -->
        <test-method signature="login(java.lang.String,java.lang.String,java.lang.String)[pri:0, instance:Tests.LoginTest@130d63be]" started-at="2022-11-20T16:52:16 IST" name="login" data-provider="Data" finished-at="2022-11-20T16:52:26 IST" duration-ms="10688" status="PASS">
          <params>
            <param index="0">
              <value>
                <![CDATA[standard_user]]>
              </value>
            </param>
            <param index="1">
              <value>
                <![CDATA[secret]]>
              </value>
            </param>
            <param index="2">
              <value>
                <![CDATA[Failuar]]>
              </value>
            </param>
          </params>
          <reporter-output>
          </reporter-output>
        </test-method> <!-- login -->
        <test-method is-config="true" signature="clouser()[pri:0, instance:Tests.LoginTest@130d63be]" started-at="2022-11-20T16:52:26 IST" name="clouser" finished-at="2022-11-20T16:52:27 IST" duration-ms="306" status="PASS">
          <reporter-output>
          </reporter-output>
        </test-method> <!-- clouser -->
      </class> <!-- Tests.LoginTest -->
    </test> <!-- Test -->
  </suite> <!-- Suite -->
</testng-results>
